<?xml version="1.0" encoding="UTF-8"?>
<!-- Generated by org.testng.reporters.JUnitReportReporter -->
<testsuite hostname="DESKTOP-G4QFDNH" failures="0" tests="8" name="Mypackage.NewTest" time="33.055" errors="1" timestamp="2024-10-07T20:41:05 IST" skipped="0">
  <testcase classname="Mypackage.NewTest" name="f" time="8.806"/>
  <system-out/>
  <testcase classname="Mypackage.NewTest" name="selectfromdropdown" time="8.324"/>
  <system-out/>
  <testcase classname="Mypackage.NewTest" name="selectpriceSlider" time="3.505"/>
  <system-out/>
  <testcase classname="Mypackage.NewTest" name="firstmobilefromthelistisDisplayed" time="0.564"/>
  <system-out/>
  <testcase classname="Mypackage.NewTest" name="verifyingtheproductprice" time="0.093"/>
  <system-out/>
  <testcase classname="Mypackage.NewTest" name="checkingthemobileprice" time="9.405">
    <error message="For input string: &quot;₹13,499&quot;" type="java.lang.NumberFormatException">
      <![CDATA[java.lang.NumberFormatException: For input string: "₹13,499"
at java.base/java.lang.NumberFormatException.forInputString(NumberFormatException.java:67)
at java.base/java.lang.Integer.parseInt(Integer.java:588)
at java.base/java.lang.Integer.parseInt(Integer.java:685)
at Mypackage.NewTest.checkingthemobileprice(NewTest.java:118)
at java.base/jdk.internal.reflect.DirectMethodHandleAccessor.invoke(DirectMethodHandleAccessor.java:103)
at java.base/java.lang.reflect.Method.invoke(Method.java:580)
at org.testng.internal.MethodInvocationHelper.invokeMethod(MethodInvocationHelper.java:133)
at org.testng.internal.TestInvoker.invokeMethod(TestInvoker.java:598)
at org.testng.internal.TestInvoker.invokeTestMethod(TestInvoker.java:173)
at org.testng.internal.MethodRunner.runInSequence(MethodRunner.java:46)
at org.testng.internal.TestInvoker$MethodInvocationAgent.invoke(TestInvoker.java:824)
at org.testng.internal.TestInvoker.invokeTestMethods(TestInvoker.java:146)
at org.testng.internal.TestMethodWorker.invokeTestMethods(TestMethodWorker.java:146)
at org.testng.internal.TestMethodWorker.run(TestMethodWorker.java:128)
at java.base/java.util.ArrayList.forEach(ArrayList.java:1597)
at org.testng.TestRunner.privateRun(TestRunner.java:794)
at org.testng.TestRunner.run(TestRunner.java:596)
at org.testng.SuiteRunner.runTest(SuiteRunner.java:377)
at org.testng.SuiteRunner.runSequentially(SuiteRunner.java:371)
at org.testng.SuiteRunner.privateRun(SuiteRunner.java:332)
at org.testng.SuiteRunner.run(SuiteRunner.java:276)
at org.testng.SuiteRunnerWorker.runSuite(SuiteRunnerWorker.java:53)
at org.testng.SuiteRunnerWorker.run(SuiteRunnerWorker.java:96)
at org.testng.TestNG.runSuitesSequentially(TestNG.java:1212)
at org.testng.TestNG.runSuitesLocally(TestNG.java:1134)
at org.testng.TestNG.runSuites(TestNG.java:1063)
at org.testng.TestNG.run(TestNG.java:1031)
at org.testng.remote.AbstractRemoteTestNG.run(AbstractRemoteTestNG.java:115)
at org.testng.remote.RemoteTestNG.initAndRun(RemoteTestNG.java:251)
at org.testng.remote.RemoteTestNG.main(RemoteTestNG.java:77)
]]>
    </error>
  </testcase> <!-- checkingthemobileprice -->
  <system-out/>
  <testcase classname="Mypackage.NewTest" name="checkingtheThumbnailDisplayed" time="0.239"/>
  <system-out/>
  <testcase classname="Mypackage.NewTest" name="sendDeliverycode" time="2.119"/>
  <system-out/>
</testsuite> <!-- Mypackage.NewTest -->
